firefox
hyprland-git
kitty
notification-daemon
noto-fonts-emoji
nvidia-open
nvidia-settings
nvidia-utils
nvtop
pipewire
pipewire-alsa
pipewire-jack
pipewire-pulse
pavucontrol
polkit-gnome
sddm
sddm-catppuccin-git
swww-git
themix-full-git
lxappearance
nwg-look
thunar
gvfs
thunar-media-tags-plugin
ffmpegthumbnailer
thunar-volman
thunar-archive-plugin
tumbler
xarchiver
mirage
ttf-jetbrains-mono-nerd
ttf-ms-fonts
vlc
visual-studio-code-bin
wofi
xdg-desktop-portal-hyprland
xf86-video-intel
